<?xml version="1.0" encoding="UTF-8"?>
<!-- Generated by org.testng.reporters.JUnitReportReporter -->
<testsuite skipped="0" hostname="LAPTOP-2VO12DI7" name="testcases.Top250MoviePageTest" tests="7" failures="0" timestamp="2021-03-12T00:29:12 CET" time="179.982" errors="0">
  <testcase name="MovieList" time="23.554" classname="testcases.Top250MoviePageTest"/>
  <system-out/>
  <testcase name="SelectbyIMDBRating" time="26.426" classname="testcases.Top250MoviePageTest"/>
  <system-out/>
  <testcase name="SelectbyRanking" time="30.198" classname="testcases.Top250MoviePageTest"/>
  <system-out/>
  <testcase name="SelectbyReleaseDate" time="30.458" classname="testcases.Top250MoviePageTest"/>
  <system-out/>
  <testcase name="SelectbyNumberofRatings" time="29.431" classname="testcases.Top250MoviePageTest"/>
  <system-out/>
  <testcase name="SelectbyYourRating" time="29.559" classname="testcases.Top250MoviePageTest"/>
  <system-out/>
  <testcase name="Clickonlink" time="10.356" classname="testcases.Top250MoviePageTest"/>
  <system-out/>
</testsuite> <!-- testcases.Top250MoviePageTest -->
