<?xml version="1.0" encoding="UTF-8"?>
<!-- Generated by org.testng.reporters.JUnitReportReporter -->
<testsuite skipped="0" hostname="LAPTOP-2VO12DI7" name="testcases.Top250MoviePageTest" tests="7" failures="0" timestamp="2021-03-11T22:08:50 CET" time="180.024" errors="0">
  <testcase name="MovieList" time="35.788" classname="testcases.Top250MoviePageTest"/>
  <system-out/>
  <testcase name="SelectbyIMDBRating" time="50.023" classname="testcases.Top250MoviePageTest"/>
  <system-out/>
  <testcase name="SelectbyRanking" time="20.457" classname="testcases.Top250MoviePageTest"/>
  <system-out/>
  <testcase name="SelectbyReleaseDate" time="22.059" classname="testcases.Top250MoviePageTest"/>
  <system-out/>
  <testcase name="SelectbyNumberofRatings" time="24.364" classname="testcases.Top250MoviePageTest"/>
  <system-out/>
  <testcase name="SelectbyYourRating" time="18.681" classname="testcases.Top250MoviePageTest"/>
  <system-out/>
  <testcase name="Clickonlink" time="8.652" classname="testcases.Top250MoviePageTest"/>
  <system-out/>
</testsuite> <!-- testcases.Top250MoviePageTest -->
